  ****************************************************
  *    USAF STABILITY AND CONTROL  DIGITAL DATCOM    *
  *    PROGRAM REV. JAN 96   DIRECT INQUIRIES TO:    *
  *    WRIGHT LABORATORY  (WL/FIGC)  ATTN: W. BLAKE  *
  *      WRIGHT PATTERSON AFB, OHIO  45433           *
  *    PHONE (513) 255-6764,   FAX (513) 258-4054    *
  ****************************************************
1                         CONERR - INPUT ERROR CHECKING
0 ERROR CODES - N* DENOTES THE NUMBER OF OCCURENCES OF EACH ERROR
0 A - UNKNOWN VARIABLE NAME
0 B - MISSING EQUAL SIGN FOLLOWING VARIABLE NAME
0 C - NON-ARRAY VARIABLE HAS AN ARRAY ELEMENT DESIGNATION - (N)
0 D - NON-ARRAY VARIABLE HAS MULTIPLE VALUES ASSIGNED
0 E - ASSIGNED VALUES EXCEED ARRAY DIMENSION
0 F - SYNTAX ERROR

0******************************  INPUT DATA CARDS  ******************************

 BUILD                                                                           
  $FLTCON NMACH=1.0, MACH(1)=0.262,                                              
   NALPHA=7.0, ALSCHD(1)=-2.0,-1.0,0.0,1.0,3.0,5.0,7.0,                          
   RNNUB(1)=3.539E7$                                                             
  $OPTINS SREF=625.39, CBARR=15.96, BLREF=84.03$                                 
  $SYNTHS XCG=70.45, ZCG=0.0, XW=53.58, ZW=1.29, ALIW=0.0, XH=121.49,            
    ZH=4.5, ALIH=0.0, XV=104.45, VERTUP=.TRUE.$                                  
  $BODY NX=10.0, BTAIL=2.0, BNOSE=2.0, BLN=13.45, BLA=13.45,                     
    X(1)=0.0, 1.9, 3.8, 5.8, 7.7, 9.6, 11.5, 13.4, 121.0, 134.5,                 
    S(1)=0.0,0.7,3.8,11.5,19.0,25.5,29.3,32.8,32.8,32.8,                         
    ZU(1)=0.0,0.5,1.1,1.9,2.5,2.8,3.1,3.2,3.2,3.2,                               
    ZL(1)=-0.0,-0.5,-1.1,-1.9,-2.5,-2.8,-3.1,-3.2,-3.2,0.6$                      
  $WGPLNF CHRDTP=13.81, SSPNE=42.02, SSPN=42.02, CHRDR=15.96,                    
    SAVSI=25.27, CHSTAT=0.25, SWAFP=0.0, TWISTA=0.0, SSPNDD=0.0,                 
    DHDADI=0.0, DHDADO=0.0, TYPE=1.0$                                            
 NACA-W-4-6412                                                                   
  $VTPLNF CHRDTP=12.92, SSPNE=19.63, SSPN=19.63, CHRDR=29.43,                    
    SAVSI=0.00, CHSTAT=1.0, SWAFP=0.0, TWISTA=0.0, TYPE=1.0$                     
 NACA-V-4-0009                                                                   
  $HTPLNF CHRDTP=12.81, SSPNE=21.20, SSPN=21.20, CHRDR=12.85,                    
    SAVSI=11.85, CHSTAT=1.0, SWAFP=0.0, TWISTA=0.0, SSPNDD=0.0,                  
    DHDADI=0.0, DHDADO=0.0, TYPE=1.0$                                            
 NACA-H-4-0009                                                                   
 DIM FT                                                                          
 DAMP                                                                            
 DERIV RAD                                                                       
 CASEID 154A PLANE, CASE 1                                                       
 DUMP DYN                                                                        
 NEXT CASE                                                                       
1          THE FOLLOWING IS A LIST OF ALL INPUT CARDS FOR THIS CASE.
0
 BUILD                                                                           
  $FLTCON NMACH=1.0, MACH(1)=0.262,                                              
   NALPHA=7.0, ALSCHD(1)=-2.0,-1.0,0.0,1.0,3.0,5.0,7.0,                          
   RNNUB(1)=3.539E7$                                                             
  $OPTINS SREF=625.39, CBARR=15.96, BLREF=84.03$                                 
  $SYNTHS XCG=70.45, ZCG=0.0, XW=53.58, ZW=1.29, ALIW=0.0, XH=121.49,            
    ZH=4.5, ALIH=0.0, XV=104.45, VERTUP=.TRUE.$                                  
  $BODY NX=10.0, BTAIL=2.0, BNOSE=2.0, BLN=13.45, BLA=13.45,                     
    X(1)=0.0, 1.9, 3.8, 5.8, 7.7, 9.6, 11.5, 13.4, 121.0, 134.5,                 
    S(1)=0.0,0.7,3.8,11.5,19.0,25.5,29.3,32.8,32.8,32.8,                         
    ZU(1)=0.0,0.5,1.1,1.9,2.5,2.8,3.1,3.2,3.2,3.2,                               
    ZL(1)=-0.0,-0.5,-1.1,-1.9,-2.5,-2.8,-3.1,-3.2,-3.2,0.6$                      
  $WGPLNF CHRDTP=13.81, SSPNE=42.02, SSPN=42.02, CHRDR=15.96,                    
    SAVSI=25.27, CHSTAT=0.25, SWAFP=0.0, TWISTA=0.0, SSPNDD=0.0,                 
    DHDADI=0.0, DHDADO=0.0, TYPE=1.0$                                            
 NACA-W-4-6412                                                                   
  $VTPLNF CHRDTP=12.92, SSPNE=19.63, SSPN=19.63, CHRDR=29.43,                    
    SAVSI=0.00, CHSTAT=1.0, SWAFP=0.0, TWISTA=0.0, TYPE=1.0$                     
 NACA-V-4-0009                                                                   
  $HTPLNF CHRDTP=12.81, SSPNE=21.20, SSPN=21.20, CHRDR=12.85,                    
    SAVSI=11.85, CHSTAT=1.0, SWAFP=0.0, TWISTA=0.0, SSPNDD=0.0,                  
    DHDADI=0.0, DHDADO=0.0, TYPE=1.0$                                            
 NACA-H-4-0009                                                                   
 DIM FT                                                                          
 DAMP                                                                            
 DERIV RAD                                                                       
 CASEID 154A PLANE, CASE 1                                                       
 DUMP DYN                                                                        
 NEXT CASE                                                                       
0 INPUT DIMENSIONS ARE IN FT, SCALE FACTOR IS 1.0000

1                             AUTOMATED STABILITY AND CONTROL METHODS PER APRIL 1976 VERSION OF DATCOM   
                                                        WING SECTION DEFINITION
0                                 IDEAL ANGLE OF ATTACK =   0.77271 DEG.

                              ZERO LIFT ANGLE OF ATTACK =  -5.56684 DEG.

                                 IDEAL LIFT COEFFICIENT =   0.76807

                  ZERO LIFT PITCHING MOMENT COEFFICIENT =  -0.15229

                             MACH ZERO LIFT-CURVE-SLOPE =   0.09840 /DEG.

                                    LEADING EDGE RADIUS =   0.01587 FRACTION CHORD

                              MAXIMUM AIRFOIL THICKNESS =   0.12000 FRACTION CHORD

                                                DELTA-Y =   3.16898 PERCENT CHORD


0                         MACH= 0.2620 LIFT-CURVE-SLOPE =   0.11808 /DEG.      XAC =   0.25752
1                             AUTOMATED STABILITY AND CONTROL METHODS PER APRIL 1976 VERSION OF DATCOM   
                                                   HORIZONTAL TAIL SECTION DEFINITION
0                                 IDEAL ANGLE OF ATTACK =   0.00000 DEG.

                              ZERO LIFT ANGLE OF ATTACK =   0.00000 DEG.

                                 IDEAL LIFT COEFFICIENT =   0.00000

                  ZERO LIFT PITCHING MOMENT COEFFICIENT =   0.00000

                             MACH ZERO LIFT-CURVE-SLOPE =   0.09830 /DEG.

                                    LEADING EDGE RADIUS =   0.00893 FRACTION CHORD

                              MAXIMUM AIRFOIL THICKNESS =   0.09000 FRACTION CHORD

                                                DELTA-Y =   2.37673 PERCENT CHORD


0                         MACH= 0.2620 LIFT-CURVE-SLOPE =   0.11777 /DEG.      XAC =   0.25598
1                             AUTOMATED STABILITY AND CONTROL METHODS PER APRIL 1976 VERSION OF DATCOM   
                                                    VERTICAL TAIL SECTION DEFINITION
0                                 IDEAL ANGLE OF ATTACK =   0.00000 DEG.

                              ZERO LIFT ANGLE OF ATTACK =   0.00000 DEG.

                                 IDEAL LIFT COEFFICIENT =   0.00000

                  ZERO LIFT PITCHING MOMENT COEFFICIENT =   0.00000

                             MACH ZERO LIFT-CURVE-SLOPE =   0.09830 /DEG.

                                    LEADING EDGE RADIUS =   0.00893 FRACTION CHORD

                              MAXIMUM AIRFOIL THICKNESS =   0.09000 FRACTION CHORD

                                                DELTA-Y =   2.37673 PERCENT CHORD


0                         MACH= 0.2620 LIFT-CURVE-SLOPE =   0.11823 /DEG.      XAC =   0.25595
 WARNING*** BODY ALONE DYNAMIC DERIVATIVE METHOD VALID FOR NOSE CYLINDER ONLY
            TAIL EFFECTS IGNORED]
 
   DYN(  1)= 1.00000E-30   DYN(  2)=-3.33045E-02   DYN(  3)= 1.00000E-30   DYN(  4)= 1.00000E-30   DYN(  5)= 1.00000E-30
   DYN(  6)= 1.00000E-30   DYN(  7)= 1.00000E-30   DYN(  8)= 1.00000E-30   DYN(  9)= 1.00000E-30   DYN( 10)= 1.00000E-30
   DYN( 11)= 1.00000E-30   DYN( 12)= 1.00000E-30   DYN( 13)= 1.00000E-30   DYN( 14)= 1.00000E-30   DYN( 15)= 1.00000E-30
   DYN( 16)= 1.00000E-30   DYN( 17)= 1.00000E-30   DYN( 18)= 1.00000E-30   DYN( 19)= 1.00000E-30   DYN( 20)= 1.00000E-30
   DYN( 21)= 2.00553E-01   DYN( 22)= 1.00000E-30   DYN( 23)= 1.00000E-30   DYN( 24)= 1.00000E-30   DYN( 25)= 1.00000E-30
   DYN( 26)= 1.00000E-30   DYN( 27)= 1.00000E-30   DYN( 28)= 1.00000E-30   DYN( 29)= 1.00000E-30   DYN( 30)= 1.00000E-30
   DYN( 31)= 1.00000E-30   DYN( 32)= 1.00000E-30   DYN( 33)= 1.00000E-30   DYN( 34)= 1.00000E-30   DYN( 35)= 1.00000E-30
   DYN( 36)= 1.00000E-30   DYN( 37)= 1.00000E-30   DYN( 38)= 1.00000E-30   DYN( 39)= 1.00000E-30   DYN( 40)= 4.17462E+03
   DYN( 41)= 1.00000E-30   DYN( 42)= 1.00000E-30   DYN( 43)= 1.00000E-30   DYN( 44)=-5.41432E+00   DYN( 45)= 1.67102E-01
   DYN( 46)=-1.00916E-01   DYN( 47)= 1.65613E-01   DYN( 48)= 1.68590E-01   DYN( 49)= 1.71386E-01   DYN( 50)= 1.73754E-01
   DYN( 51)= 1.77357E-01   DYN( 52)= 1.79539E-01   DYN( 53)= 1.80936E-01   DYN( 54)= 1.00000E-30   DYN( 55)= 1.00000E-30
   DYN( 56)= 1.00000E-30   DYN( 57)= 1.00000E-30   DYN( 58)= 1.00000E-30   DYN( 59)= 1.00000E-30   DYN( 60)= 1.00000E-30
   DYN( 61)= 1.00000E-30   DYN( 62)= 1.00000E-30   DYN( 63)= 1.00000E-30   DYN( 64)= 1.00000E-30   DYN( 65)= 1.00000E-30
   DYN( 66)= 1.00000E-30   DYN( 67)= 1.29000E+00   DYN( 68)= 1.00000E+00   DYN( 69)=-1.35176E-02   DYN( 70)= 5.24339E+00
   DYN( 71)=-3.80210E-01   DYN( 72)=-1.75763E-03   DYN( 73)=-2.49618E-03   DYN( 74)=-3.44164E-03   DYN( 75)=-4.60163E-03
   DYN( 76)=-7.58757E-03   DYN( 77)=-1.14812E-02   DYN( 78)=-1.62798E-02   DYN( 79)= 1.00000E-30   DYN( 80)= 1.00000E-30
   DYN( 81)= 1.00000E-30   DYN( 82)= 1.00000E-30   DYN( 83)= 1.00000E-30   DYN( 84)= 1.00000E-30   DYN( 85)= 1.00000E-30
   DYN( 86)= 1.00000E-30   DYN( 87)= 1.00000E-30   DYN( 88)= 1.00000E-30   DYN( 89)= 1.00000E-30   DYN( 90)= 1.00000E-30
   DYN( 91)= 1.00000E-30   DYN( 92)=-1.02024E-01   DYN( 93)= 9.71527E-01   DYN( 94)= 1.05271E-02   DYN( 95)=-3.37005E-04
   DYN( 96)= 1.14508E-02   DYN( 97)= 1.29970E-02   DYN( 98)= 1.61274E-02   DYN( 99)= 1.93391E-02   DYN(100)= 2.59341E-02
   DYN(101)= 3.26825E-02   DYN(102)= 3.60909E-02   DYN(103)= 1.00000E-30   DYN(104)= 1.00000E-30   DYN(105)= 1.00000E-30
   DYN(106)= 1.00000E-30   DYN(107)= 1.00000E-30   DYN(108)= 1.00000E-30   DYN(109)= 1.00000E-30   DYN(110)= 1.00000E-30
   DYN(111)= 1.00000E-30   DYN(112)= 1.00000E-30   DYN(113)= 1.00000E-30   DYN(114)= 1.00000E-30   DYN(115)= 1.00000E-30
   DYN(116)= 3.13403E-03   DYN(117)= 3.57304E-03   DYN(118)= 4.46723E-03   DYN(119)= 5.39342E-03   DYN(120)= 7.29834E-03
   DYN(121)= 9.22140E-03   DYN(122)= 1.01815E-02   DYN(123)= 1.00000E-30   DYN(124)= 1.00000E-30   DYN(125)= 1.00000E-30
   DYN(126)= 1.00000E-30   DYN(127)= 1.00000E-30   DYN(128)= 1.00000E-30   DYN(129)= 1.00000E-30   DYN(130)= 1.00000E-30
   DYN(131)= 1.00000E-30   DYN(132)= 1.00000E-30   DYN(133)= 1.00000E-30   DYN(134)= 1.00000E-30   DYN(135)= 1.00000E-30
   DYN(136)= 3.08031E-03   DYN(137)= 3.51178E-03   DYN(138)= 4.39064E-03   DYN(139)= 5.30096E-03   DYN(140)= 7.17322E-03
   DYN(141)= 9.06331E-03   DYN(142)= 1.00070E-02   DYN(143)= 1.00000E-30   DYN(144)= 1.00000E-30   DYN(145)= 1.00000E-30
   DYN(146)= 1.00000E-30   DYN(147)= 1.00000E-30   DYN(148)= 1.00000E-30   DYN(149)= 1.00000E-30   DYN(150)= 1.00000E-30
   DYN(151)= 1.00000E-30   DYN(152)= 1.00000E-30   DYN(153)= 1.00000E-30   DYN(154)= 1.00000E-30   DYN(155)= 1.00000E-30
   DYN(156)= 9.93581E-01   DYN(157)= 9.93542E-01   DYN(158)= 9.93475E-01   DYN(159)= 9.93413E-01   DYN(160)= 9.93331E-01
   DYN(161)= 9.93307E-01   DYN(162)= 9.93308E-01   DYN(163)= 1.00000E-30   DYN(164)= 1.00000E-30   DYN(165)= 1.00000E-30
   DYN(166)= 1.00000E-30   DYN(167)= 1.00000E-30   DYN(168)= 1.00000E-30   DYN(169)= 1.00000E-30   DYN(170)= 1.00000E-30
   DYN(171)= 1.00000E-30   DYN(172)= 1.00000E-30   DYN(173)= 1.00000E-30   DYN(174)= 1.00000E-30   DYN(175)= 1.00000E-30
   DYN(176)=-4.09401E-01   DYN(177)= 0.00000E+00   DYN(178)= 6.00343E-02   DYN(179)= 9.95352E-01   DYN(180)= 3.48142E-01
   DYN(181)= 2.07372E+00   DYN(182)=-1.58394E-02   DYN(183)=-3.96863E-01   DYN(184)= 5.34292E-03   DYN(185)= 5.39665E-03
   DYN(186)= 5.46544E-03   DYN(187)= 5.54982E-03   DYN(188)= 5.76705E-03   DYN(189)= 6.05031E-03   DYN(190)= 6.39941E-03
   DYN(191)= 1.00000E-30   DYN(192)= 1.00000E-30   DYN(193)= 1.00000E-30   DYN(194)= 1.00000E-30   DYN(195)= 1.00000E-30
   DYN(196)= 1.00000E-30   DYN(197)= 1.00000E-30   DYN(198)= 1.00000E-30   DYN(199)= 1.00000E-30   DYN(200)= 1.00000E-30
   DYN(201)= 1.00000E-30   DYN(202)= 1.00000E-30   DYN(203)= 1.00000E-30   DYN(204)= 1.00000E-30   DYN(205)= 1.00000E-30
   DYN(206)= 1.00000E-30   DYN(207)= 1.00000E-30   DYN(208)= 1.00000E-30   DYN(209)= 1.00000E-30   DYN(210)= 1.00000E-30
   DYN(211)= 1.00000E-30   DYN(212)= 1.00000E-30   DYN(213)= 1.00000E-30
1                               AUTOMATED STABILITY AND CONTROL METHODS PER APRIL 1976 VERSION OF DATCOM
                                         CHARACTERISTICS AT ANGLE OF ATTACK AND IN SIDESLIP
                                                   DATCOM BODY ALONE CONFIGURATION
                                                        154A PLANE, CASE 1
 
 -----------------------  FLIGHT CONDITIONS  ------------------------           --------------  REFERENCE DIMENSIONS  ------------
  MACH    ALTITUDE   VELOCITY    PRESSURE    TEMPERATURE     REYNOLDS             REF.      REFERENCE LENGTH   MOMENT REF. CENTER
 NUMBER                                                       NUMBER              AREA       LONG.     LAT.     HORIZ      VERT
             FT       FT/SEC     LB/FT**2       DEG R         1/FT               FT**2        FT        FT        FT        FT
0 0.262                                                    3.5390E+07           625.390     15.960    84.030    70.450     0.000
0                                                               -------------------DERIVATIVE (PER RADIAN)-------------------
0 ALPHA     CD       CL       CM       CN       CA       XCP        CLA          CMA          CYB          CNB          CLB
0
   -2.0    0.011   -0.005    0.0916  -0.006    0.011   ******    9.616E-02    3.811E-01   -9.616E-02   -7.238E-02    0.000E+00
   -1.0    0.011   -0.004    0.0982  -0.004    0.011   ******    8.448E-02    3.798E-01   -8.448E-02   -7.213E-02    0.000E+00
    0.0    0.011   -0.002    0.1048  -0.002    0.011   ******    8.486E-02    3.806E-01   -8.486E-02   -7.229E-02    0.000E+00
    1.0    0.011   -0.001    0.1115  -0.001    0.011   ******    8.500E-02    3.809E-01   -8.500E-02   -7.235E-02    0.000E+00
    3.0    0.011    0.002    0.1248   0.003    0.011   44.971    1.171E-01    3.811E-01   -1.171E-01   -7.239E-02    0.000E+00
    5.0    0.012    0.007    0.1381   0.008    0.011   16.462    2.853E-01    3.838E-01   -2.853E-01   -7.289E-02    0.000E+00
    7.0    0.013    0.022    0.1516   0.024    0.011    6.426    5.575E-01    3.886E-01   -5.575E-01   -7.382E-02    0.000E+00
1                               AUTOMATED STABILITY AND CONTROL METHODS PER APRIL 1976 VERSION OF DATCOM
                                                         DYNAMIC DERIVATIVES
                                                   DATCOM BODY ALONE CONFIGURATION
                                                        154A PLANE, CASE 1
 
 -----------------------  FLIGHT CONDITIONS  ------------------------           --------------  REFERENCE DIMENSIONS  ------------
  MACH    ALTITUDE   VELOCITY    PRESSURE    TEMPERATURE     REYNOLDS             REF.      REFERENCE LENGTH   MOMENT REF. CENTER
 NUMBER                                                       NUMBER              AREA       LONG.     LAT.     HORIZ      VERT
             FT       FT/SEC     LB/FT**2       DEG R         1/FT               FT**2        FT        FT        FT        FT
0 0.262                                                    3.5390E+07           625.390     15.960    84.030    70.450     0.000
                                                    DYNAMIC DERIVATIVES (PER RADIAN)
0           -------PITCHING-------    -----ACCELERATION------    --------------ROLLING--------------    --------YAWING--------
0   ALPHA       CLQ          CMQ           CLAD         CMAD         CLP          CYP          CNP          CNR          CLR
0
    -2.00   -4.639E-02   -4.567E-02     8.044E-02   -1.201E-03      NDM          NDM          NDM          NDM        0.000E+00
    -1.00                                                                                                             0.000E+00
     0.00                                                                                                             0.000E+00
     1.00                                                                                                             0.000E+00
     3.00                                                                                                             0.000E+00
     5.00                                                                                                             0.000E+00
     7.00                                                                                                             0.000E+00
0*** NDM PRINTED WHEN NO DATCOM METHODS EXIST
1                               AUTOMATED STABILITY AND CONTROL METHODS PER APRIL 1976 VERSION OF DATCOM
                                         CHARACTERISTICS AT ANGLE OF ATTACK AND IN SIDESLIP
                                                      WING ALONE CONFIGURATION
                                                        154A PLANE, CASE 1
 
 -----------------------  FLIGHT CONDITIONS  ------------------------           --------------  REFERENCE DIMENSIONS  ------------
  MACH    ALTITUDE   VELOCITY    PRESSURE    TEMPERATURE     REYNOLDS             REF.      REFERENCE LENGTH   MOMENT REF. CENTER
 NUMBER                                                       NUMBER              AREA       LONG.     LAT.     HORIZ      VERT
             FT       FT/SEC     LB/FT**2       DEG R         1/FT               FT**2        FT        FT        FT        FT
0 0.262                                                    3.5390E+07           625.390     15.960    84.030    70.450     0.000
0                                                               -------------------DERIVATIVE (PER RADIAN)-------------------
0 ALPHA     CD       CL       CM       CN       CA       XCP        CLA          CMA          CYB          CNB          CLB
0
   -2.0    0.020    0.571   -0.0783   0.569    0.040   -0.137    8.715E+00    1.687E+00    2.452E-03    5.069E-03   -1.156E-01
   -1.0    0.026    0.738   -0.0406   0.737    0.039   -0.055    9.660E+00    2.220E+00    4.101E-03    8.472E-03   -1.494E-01
    0.0    0.034    0.908   -0.0008   0.908    0.034   -0.001    9.820E+00    2.399E+00    6.213E-03    1.283E-02   -1.838E-01
    1.0    0.044    1.080    0.0431   1.081    0.025    0.040    9.955E+00    2.734E+00    8.806E-03    1.817E-02   -2.188E-01
    3.0    0.069    1.432    0.1538   1.434   -0.006    0.107    1.016E+01    3.390E+00    1.549E-02    3.192E-02   -2.901E-01
    5.0    0.102    1.790    0.2797   1.792   -0.054    0.156    1.029E+01    3.354E+00    2.421E-02    4.985E-02   -3.625E-01
    7.0    0.143    2.150    0.3879   2.152   -0.120    0.180    1.037E+01    2.844E+00    3.497E-02    7.195E-02   -4.355E-01
1                               AUTOMATED STABILITY AND CONTROL METHODS PER APRIL 1976 VERSION OF DATCOM
                                                         DYNAMIC DERIVATIVES
                                                      WING ALONE CONFIGURATION
                                                        154A PLANE, CASE 1
 
 -----------------------  FLIGHT CONDITIONS  ------------------------           --------------  REFERENCE DIMENSIONS  ------------
  MACH    ALTITUDE   VELOCITY    PRESSURE    TEMPERATURE     REYNOLDS             REF.      REFERENCE LENGTH   MOMENT REF. CENTER
 NUMBER                                                       NUMBER              AREA       LONG.     LAT.     HORIZ      VERT
             FT       FT/SEC     LB/FT**2       DEG R         1/FT               FT**2        FT        FT        FT        FT
0 0.262                                                    3.5390E+07           625.390     15.960    84.030    70.450     0.000
                                                    DYNAMIC DERIVATIVES (PER RADIAN)
0           -------PITCHING-------    -----ACCELERATION------    --------------ROLLING--------------    --------YAWING--------
0   ALPHA       CLQ          CMQ           CLAD         CMAD         CLP          CYP          CNP          CNR          CLR
0
    -2.00    6.979E-01   -1.949E+00       NDM          NDM       -8.153E-01    1.974E-01   -5.691E-02   -6.821E-03    2.075E-01
    -1.00                                                        -8.314E-01    2.552E-01   -7.356E-02   -8.595E-03    2.683E-01
     0.00                                                        -8.470E-01    3.140E-01   -9.050E-02   -1.087E-02    3.302E-01
     1.00                                                        -8.609E-01    3.737E-01   -1.077E-01   -1.365E-02    3.930E-01
     3.00                                                        -8.845E-01    4.953E-01   -1.427E-01   -2.082E-02    5.210E-01
     5.00                                                        -9.030E-01    6.190E-01   -1.783E-01   -3.018E-02    6.511E-01
     7.00                                                        -9.195E-01    7.437E-01   -2.142E-01   -4.171E-02    7.822E-01
0*** NDM PRINTED WHEN NO DATCOM METHODS EXIST
1                               AUTOMATED STABILITY AND CONTROL METHODS PER APRIL 1976 VERSION OF DATCOM
                                         CHARACTERISTICS AT ANGLE OF ATTACK AND IN SIDESLIP
                                                    HORIZONTAL TAIL CONFIGURATION
                                                        154A PLANE, CASE 1
 
 -----------------------  FLIGHT CONDITIONS  ------------------------           --------------  REFERENCE DIMENSIONS  ------------
  MACH    ALTITUDE   VELOCITY    PRESSURE    TEMPERATURE     REYNOLDS             REF.      REFERENCE LENGTH   MOMENT REF. CENTER
 NUMBER                                                       NUMBER              AREA       LONG.     LAT.     HORIZ      VERT
             FT       FT/SEC     LB/FT**2       DEG R         1/FT               FT**2        FT        FT        FT        FT
0 0.262                                                    3.5390E+07           625.390     15.960    84.030    70.450     0.000
0                                                               -------------------DERIVATIVE (PER RADIAN)-------------------
0 ALPHA     CD       CL       CM       CN       CA       XCP        CLA          CMA          CYB          CNB          CLB
0
   -2.0    0.006   -0.110    0.3889  -0.110    0.002   -3.544    3.127E+00   -1.115E+01    4.263E-05    1.983E-04    1.348E-02
   -1.0    0.005   -0.055    0.1944  -0.055    0.004   -3.534    3.140E+00   -1.114E+01    1.071E-05    4.977E-05    6.752E-03
    0.0    0.005    0.000    0.0000   0.000    0.005   ******    3.147E+00   -1.112E+01    0.000E+00    0.000E+00    0.000E+00
    1.0    0.005    0.055   -0.1936   0.055    0.004   -3.521    3.139E+00   -1.105E+01    1.071E-05    4.977E-05   -6.752E-03
    3.0    0.007    0.164   -0.5765   0.164   -0.001   -3.512    3.097E+00   -1.090E+01    9.532E-05    4.435E-04   -2.016E-02
    5.0    0.013    0.271   -0.9548   0.271   -0.011   -3.521    3.029E+00   -1.076E+01    2.604E-04    1.213E-03   -3.333E-02
    7.0    0.020    0.375   -1.3278   0.375   -0.026   -3.540    2.946E+00   -1.061E+01    4.986E-04    2.325E-03   -4.615E-02
1                               AUTOMATED STABILITY AND CONTROL METHODS PER APRIL 1976 VERSION OF DATCOM
                                                         DYNAMIC DERIVATIVES
                                                    HORIZONTAL TAIL CONFIGURATION
                                                        154A PLANE, CASE 1
 
 -----------------------  FLIGHT CONDITIONS  ------------------------           --------------  REFERENCE DIMENSIONS  ------------
  MACH    ALTITUDE   VELOCITY    PRESSURE    TEMPERATURE     REYNOLDS             REF.      REFERENCE LENGTH   MOMENT REF. CENTER
 NUMBER                                                       NUMBER              AREA       LONG.     LAT.     HORIZ      VERT
             FT       FT/SEC     LB/FT**2       DEG R         1/FT               FT**2        FT        FT        FT        FT
0 0.262                                                    3.5390E+07           625.390     15.960    84.030    70.450     0.000
                                                    DYNAMIC DERIVATIVES (PER RADIAN)
0           -------PITCHING-------    -----ACCELERATION------    --------------ROLLING--------------    --------YAWING--------
0   ALPHA       CLQ          CMQ           CLAD         CMAD         CLP          CYP          CNP          CNR          CLR
0
    -2.00    2.335E+01   -6.676E+01       NDM          NDM       -3.494E-02    0.000E+00    0.000E+00    0.000E+00      NDM 
    -1.00                                                        -3.507E-02                                             NDM 
     0.00                                                        -3.513E-02                                             NDM 
     1.00                                                        -3.505E-02                                             NDM 
     3.00                                                        -3.464E-02                                             NDM 
     5.00                                                        -3.399E-02                                             NDM 
     7.00                                                        -3.322E-02                                             NDM 
0*** NDM PRINTED WHEN NO DATCOM METHODS EXIST
1                               AUTOMATED STABILITY AND CONTROL METHODS PER APRIL 1976 VERSION OF DATCOM
                                         CHARACTERISTICS AT ANGLE OF ATTACK AND IN SIDESLIP
                                                     VERTICAL TAIL CONFIGURATION
                                                        154A PLANE, CASE 1
 
 -----------------------  FLIGHT CONDITIONS  ------------------------           --------------  REFERENCE DIMENSIONS  ------------
  MACH    ALTITUDE   VELOCITY    PRESSURE    TEMPERATURE     REYNOLDS             REF.      REFERENCE LENGTH   MOMENT REF. CENTER
 NUMBER                                                       NUMBER              AREA       LONG.     LAT.     HORIZ      VERT
             FT       FT/SEC     LB/FT**2       DEG R         1/FT               FT**2        FT        FT        FT        FT
0 0.262                                                    3.5390E+07           625.390     15.960    84.030    70.450     0.000
0                                                               -------------------DERIVATIVE (PER RADIAN)-------------------
0 ALPHA     CD       CL       CM       CN       CA       XCP        CLA          CMA          CYB          CNB          CLB
0
   -2.0    0.003    0.000    0.0000   0.000    NDM     ******    0.000E+00    0.000E+00   -1.195E+00    6.649E-01   -1.446E-01
   -1.0                                                                                                             -1.331E-01
    0.0                                                                                                             -1.215E-01
    1.0                                                                                                             -1.098E-01
    3.0                                                                                                             -8.651E-02
    5.0                                                                                                             -6.306E-02
    7.0                                                                                                             -3.953E-02
0*** NDM PRINTED WHEN NO DATCOM METHODS EXIST
1                               AUTOMATED STABILITY AND CONTROL METHODS PER APRIL 1976 VERSION OF DATCOM
                                                         DYNAMIC DERIVATIVES
                                                     VERTICAL TAIL CONFIGURATION
                                                        154A PLANE, CASE 1
 
 -----------------------  FLIGHT CONDITIONS  ------------------------           --------------  REFERENCE DIMENSIONS  ------------
  MACH    ALTITUDE   VELOCITY    PRESSURE    TEMPERATURE     REYNOLDS             REF.      REFERENCE LENGTH   MOMENT REF. CENTER
 NUMBER                                                       NUMBER              AREA       LONG.     LAT.     HORIZ      VERT
             FT       FT/SEC     LB/FT**2       DEG R         1/FT               FT**2        FT        FT        FT        FT
0 0.262                                                    3.5390E+07           625.390     15.960    84.030    70.450     0.000
                                                    DYNAMIC DERIVATIVES (PER RADIAN)
0           -------PITCHING-------    -----ACCELERATION------    --------------ROLLING--------------    --------YAWING--------
0   ALPHA       CLQ          CMQ           CLAD         CMAD         CLP          CYP          CNP          CNR          CLR
0
    -2.00    0.000E+00    0.000E+00     0.000E+00    0.000E+00   -5.597E-03   -4.626E-02    2.555E-02   -7.295E-01    1.598E-01
    -1.00                                                        -2.579E-03   -2.317E-02    1.285E-02   -7.348E-01    1.475E-01
     0.00                                                         0.000E+00    0.000E+00    0.000E+00   -7.398E-01    1.351E-01
     1.00                                                         2.136E-03    2.325E-02   -1.297E-02   -7.443E-01    1.226E-01
     3.00                                                         5.061E-03    6.993E-02   -3.922E-02   -7.519E-01    9.703E-02
     5.00                                                         6.163E-03    1.168E-01   -6.578E-02   -7.578E-01    7.101E-02
     7.00                                                         5.420E-03    1.639E-01   -9.251E-02   -7.618E-01    4.463E-02
1                               AUTOMATED STABILITY AND CONTROL METHODS PER APRIL 1976 VERSION OF DATCOM
                                         CHARACTERISTICS AT ANGLE OF ATTACK AND IN SIDESLIP
                                                       WING-BODY CONFIGURATION
                                                        154A PLANE, CASE 1
 
 -----------------------  FLIGHT CONDITIONS  ------------------------           --------------  REFERENCE DIMENSIONS  ------------
  MACH    ALTITUDE   VELOCITY    PRESSURE    TEMPERATURE     REYNOLDS             REF.      REFERENCE LENGTH   MOMENT REF. CENTER
 NUMBER                                                       NUMBER              AREA       LONG.     LAT.     HORIZ      VERT
             FT       FT/SEC     LB/FT**2       DEG R         1/FT               FT**2        FT        FT        FT        FT
0 0.262                                                    3.5390E+07           625.390     15.960    84.030    70.450     0.000
0                                                               -------------------DERIVATIVE (PER RADIAN)-------------------
0 ALPHA     CD       CL       CM       CN       CA       XCP        CLA          CMA          CYB          CNB          CLB
0
   -2.0    0.035    0.565    0.0165   0.564    0.054    0.029    9.573E+00    2.478E+00   -Inf         -1.727E-01   -1.064E-01
   -1.0    0.041    0.734    0.0607   0.733    0.054    0.083    9.744E+00    2.586E+00                             -1.382E-01
    0.0    0.049    0.905    0.1068   0.905    0.049    0.118    9.905E+00    2.748E+00                             -1.705E-01
    1.0    0.058    1.080    0.1566   1.080    0.040    0.145    1.004E+01    3.063E+00                             -2.033E-01
    3.0    0.084    1.434    0.2781   1.437    0.009    0.194    1.028E+01    3.679E+00                             -2.701E-01
    5.0    0.117    1.797    0.4135   1.801   -0.040    0.230    1.057E+01    3.605E+00                             -3.384E-01
    7.0    0.160    2.172    0.5298   2.176   -0.106    0.243    1.092E+01    3.059E+00                             -4.091E-01
1                               AUTOMATED STABILITY AND CONTROL METHODS PER APRIL 1976 VERSION OF DATCOM
                                                         DYNAMIC DERIVATIVES
                                                       WING-BODY CONFIGURATION
                                                        154A PLANE, CASE 1
 
 -----------------------  FLIGHT CONDITIONS  ------------------------           --------------  REFERENCE DIMENSIONS  ------------
  MACH    ALTITUDE   VELOCITY    PRESSURE    TEMPERATURE     REYNOLDS             REF.      REFERENCE LENGTH   MOMENT REF. CENTER
 NUMBER                                                       NUMBER              AREA       LONG.     LAT.     HORIZ      VERT
             FT       FT/SEC     LB/FT**2       DEG R         1/FT               FT**2        FT        FT        FT        FT
0 0.262                                                    3.5390E+07           625.390     15.960    84.030    70.450     0.000
                                                    DYNAMIC DERIVATIVES (PER RADIAN)
0           -------PITCHING-------    -----ACCELERATION------    --------------ROLLING--------------    --------YAWING--------
0   ALPHA       CLQ          CMQ           CLAD         CMAD         CLP          CYP          CNP          CNR          CLR
0
    -2.00    6.515E-01   -1.995E+00       NDM          NDM       -8.153E-01    1.974E-01   -5.691E-02   -6.821E-03    2.075E-01
    -1.00                                                        -8.314E-01    2.552E-01   -7.356E-02   -8.595E-03    2.683E-01
     0.00                                                        -8.470E-01    3.140E-01   -9.050E-02   -1.087E-02    3.302E-01
     1.00                                                        -8.609E-01    3.737E-01   -1.077E-01   -1.365E-02    3.930E-01
     3.00                                                        -8.845E-01    4.953E-01   -1.427E-01   -2.082E-02    5.210E-01
     5.00                                                        -9.030E-01    6.190E-01   -1.783E-01   -3.018E-02    6.511E-01
     7.00                                                        -9.195E-01    7.437E-01   -2.142E-01   -4.171E-02    7.822E-01
0*** NDM PRINTED WHEN NO DATCOM METHODS EXIST
1                               AUTOMATED STABILITY AND CONTROL METHODS PER APRIL 1976 VERSION OF DATCOM
                                         CHARACTERISTICS AT ANGLE OF ATTACK AND IN SIDESLIP
                                                 BODY-HORIZONTAL TAIL CONFIGURATION
                                                        154A PLANE, CASE 1
 
 -----------------------  FLIGHT CONDITIONS  ------------------------           --------------  REFERENCE DIMENSIONS  ------------
  MACH    ALTITUDE   VELOCITY    PRESSURE    TEMPERATURE     REYNOLDS             REF.      REFERENCE LENGTH   MOMENT REF. CENTER
 NUMBER                                                       NUMBER              AREA       LONG.     LAT.     HORIZ      VERT
             FT       FT/SEC     LB/FT**2       DEG R         1/FT               FT**2        FT        FT        FT        FT
0 0.262                                                    3.5390E+07           625.390     15.960    84.030    70.450     0.000
0                                                               -------------------DERIVATIVE (PER RADIAN)-------------------
0 ALPHA     CD       CL       CM       CN       CA       XCP        CLA          CMA          CYB          CNB          CLB
0
   -2.0    0.019   -0.115    0.4811  -0.115    0.015   -4.167    3.211E+00   -1.073E+01   -Inf         -1.727E-01    1.357E-02
   -1.0    0.018   -0.059    0.2937  -0.059    0.017   -4.980    3.225E+00   -1.074E+01                              6.930E-03
    0.0    0.018   -0.002    0.1061  -0.002    0.018   ******    3.232E+00   -1.074E+01                              2.668E-04
    1.0    0.018    0.054   -0.0811   0.054    0.017   -1.489    3.224E+00   -1.069E+01                             -6.397E-03
    3.0    0.021    0.166   -0.4520   0.167    0.012   -2.706    3.214E+00   -1.058E+01                             -1.963E-02
    5.0    0.026    0.279   -0.8199   0.280    0.002   -2.930    3.314E+00   -1.048E+01                             -3.291E-02
    7.0    0.036    0.398   -1.1835   0.399   -0.013   -2.967    3.503E+00   -1.036E+01                             -4.696E-02
1                               AUTOMATED STABILITY AND CONTROL METHODS PER APRIL 1976 VERSION OF DATCOM
                                                         DYNAMIC DERIVATIVES
                                                 BODY-HORIZONTAL TAIL CONFIGURATION
                                                        154A PLANE, CASE 1
 
 -----------------------  FLIGHT CONDITIONS  ------------------------           --------------  REFERENCE DIMENSIONS  ------------
  MACH    ALTITUDE   VELOCITY    PRESSURE    TEMPERATURE     REYNOLDS             REF.      REFERENCE LENGTH   MOMENT REF. CENTER
 NUMBER                                                       NUMBER              AREA       LONG.     LAT.     HORIZ      VERT
             FT       FT/SEC     LB/FT**2       DEG R         1/FT               FT**2        FT        FT        FT        FT
0 0.262                                                    3.5390E+07           625.390     15.960    84.030    70.450     0.000
                                                    DYNAMIC DERIVATIVES (PER RADIAN)
0           -------PITCHING-------    -----ACCELERATION------    --------------ROLLING--------------    --------YAWING--------
0   ALPHA       CLQ          CMQ           CLAD         CMAD         CLP          CYP          CNP          CNR          CLR
0
    -2.00    2.330E+01   -6.681E+01       NDM          NDM       -3.494E-02      NDM          NDM          NDM          NDM 
    -1.00                                                        -3.507E-02                                             NDM 
     0.00                                                        -3.513E-02                                             NDM 
     1.00                                                        -3.505E-02                                             NDM 
     3.00                                                        -3.464E-02                                             NDM 
     5.00                                                        -3.399E-02                                             NDM 
     7.00                                                        -3.322E-02                                             NDM 
0*** NDM PRINTED WHEN NO DATCOM METHODS EXIST
1                               AUTOMATED STABILITY AND CONTROL METHODS PER APRIL 1976 VERSION OF DATCOM
                                         CHARACTERISTICS AT ANGLE OF ATTACK AND IN SIDESLIP
                                                  BODY-VERTICAL TAIL CONFIGURATION
                                                        154A PLANE, CASE 1
 
 -----------------------  FLIGHT CONDITIONS  ------------------------           --------------  REFERENCE DIMENSIONS  ------------
  MACH    ALTITUDE   VELOCITY    PRESSURE    TEMPERATURE     REYNOLDS             REF.      REFERENCE LENGTH   MOMENT REF. CENTER
 NUMBER                                                       NUMBER              AREA       LONG.     LAT.     HORIZ      VERT
             FT       FT/SEC     LB/FT**2       DEG R         1/FT               FT**2        FT        FT        FT        FT
0 0.262                                                    3.5390E+07           625.390     15.960    84.030    70.450     0.000
0                                                               -------------------DERIVATIVE (PER RADIAN)-------------------
0 ALPHA     CD       CL       CM       CN       CA       XCP        CLA          CMA          CYB          CNB          CLB
0
   -2.0    0.015   -0.005    0.0916  -0.006    0.014   ******    9.616E-02    3.811E-01   -1.291E+00    5.925E-01   -1.446E-01
   -1.0    0.014   -0.004    0.0982  -0.004    0.014   ******    8.448E-02    3.798E-01                             -1.331E-01
    0.0    0.014   -0.002    0.1048  -0.002    0.014   ******    8.486E-02    3.806E-01                             -1.215E-01
    1.0    0.014   -0.001    0.1115  -0.001    0.014   ******    8.500E-02    3.809E-01                             -1.098E-01
    3.0    0.014    0.002    0.1248   0.003    0.014   42.469    1.171E-01    3.811E-01                             -8.651E-02
    5.0    0.015    0.007    0.1381   0.009    0.014   15.945    2.853E-01    3.838E-01                             -6.306E-02
    7.0    0.017    0.022    0.1516   0.024    0.014    6.324    5.575E-01    3.886E-01                             -3.953E-02
1                               AUTOMATED STABILITY AND CONTROL METHODS PER APRIL 1976 VERSION OF DATCOM
                                                         DYNAMIC DERIVATIVES
                                                  BODY-VERTICAL TAIL CONFIGURATION
                                                        154A PLANE, CASE 1
 
 -----------------------  FLIGHT CONDITIONS  ------------------------           --------------  REFERENCE DIMENSIONS  ------------
  MACH    ALTITUDE   VELOCITY    PRESSURE    TEMPERATURE     REYNOLDS             REF.      REFERENCE LENGTH   MOMENT REF. CENTER
 NUMBER                                                       NUMBER              AREA       LONG.     LAT.     HORIZ      VERT
             FT       FT/SEC     LB/FT**2       DEG R         1/FT               FT**2        FT        FT        FT        FT
0 0.262                                                    3.5390E+07           625.390     15.960    84.030    70.450     0.000
                                                    DYNAMIC DERIVATIVES (PER RADIAN)
0           -------PITCHING-------    -----ACCELERATION------    --------------ROLLING--------------    --------YAWING--------
0   ALPHA       CLQ          CMQ           CLAD         CMAD         CLP          CYP          CNP          CNR          CLR
0
    -2.00   -4.639E-02   -4.567E-02     8.044E-02   -1.201E-03      NDM          NDM          NDM          NDM          NDM 
    -1.00                                                                                                               NDM 
     0.00                                                                                                               NDM 
     1.00                                                                                                               NDM 
     3.00                                                                                                               NDM 
     5.00                                                                                                               NDM 
     7.00                                                                                                               NDM 
0*** NDM PRINTED WHEN NO DATCOM METHODS EXIST
1                               AUTOMATED STABILITY AND CONTROL METHODS PER APRIL 1976 VERSION OF DATCOM
                                         CHARACTERISTICS AT ANGLE OF ATTACK AND IN SIDESLIP
                                               WING-BODY-HORIZONTAL TAIL CONFIGURATION
                                                        154A PLANE, CASE 1
 
 -----------------------  FLIGHT CONDITIONS  ------------------------           --------------  REFERENCE DIMENSIONS  ------------
  MACH    ALTITUDE   VELOCITY    PRESSURE    TEMPERATURE     REYNOLDS             REF.      REFERENCE LENGTH   MOMENT REF. CENTER
 NUMBER                                                       NUMBER              AREA       LONG.     LAT.     HORIZ      VERT
             FT       FT/SEC     LB/FT**2       DEG R         1/FT               FT**2        FT        FT        FT        FT
0 0.262                                                    3.5390E+07           625.390     15.960    84.030    70.450     0.000
0                                                               -------------------DERIVATIVE (PER RADIAN)-------------------
0 ALPHA     CD       CL       CM       CN       CA       XCP        CLA          CMA          CYB          CNB          CLB
0
   -2.0    0.036    0.364    0.7272   0.362    0.049    2.008    1.109E+01   -2.807E+00   -Inf         -1.725E-01   -9.297E-02
   -1.0    0.041    0.559    0.6789   0.558    0.051    1.217    1.123E+01   -2.609E+00                             -1.314E-01
    0.0    0.048    0.756    0.6362   0.756    0.048    0.842    1.133E+01   -2.243E+00                             -1.705E-01
    1.0    0.057    0.954    0.6006   0.955    0.041    0.629    1.139E+01   -1.698E+00                             -2.100E-01
    3.0    0.083    1.353    0.5651   1.356    0.012    0.417    1.150E+01   -6.491E-01                             -2.902E-01
    5.0    0.118    1.757    0.5552   1.761   -0.036    0.315    1.197E+01   -1.358E+00                             -3.717E-01
    7.0    0.166    2.189    0.4703   2.193   -0.102    0.214    1.277E+01   -3.508E+00                             -4.552E-01
0                                    ALPHA     Q/QINF    EPSLON  D(EPSLON)/D(ALPHA)
0
                                     -2.0      1.000      1.684        0.516
                                     -1.0      1.000      2.200        0.526
                                      0.0      1.000      2.737        0.546
                                      1.0      1.000      3.292        0.568
                                      3.0      1.000      4.478        0.609
                                      5.0      1.000      5.729        0.554
                                      7.0      1.000      6.694        0.483
1                               AUTOMATED STABILITY AND CONTROL METHODS PER APRIL 1976 VERSION OF DATCOM
                                                         DYNAMIC DERIVATIVES
                                               WING-BODY-HORIZONTAL TAIL CONFIGURATION
                                                        154A PLANE, CASE 1
 
 -----------------------  FLIGHT CONDITIONS  ------------------------           --------------  REFERENCE DIMENSIONS  ------------
  MACH    ALTITUDE   VELOCITY    PRESSURE    TEMPERATURE     REYNOLDS             REF.      REFERENCE LENGTH   MOMENT REF. CENTER
 NUMBER                                                       NUMBER              AREA       LONG.     LAT.     HORIZ      VERT
             FT       FT/SEC     LB/FT**2       DEG R         1/FT               FT**2        FT        FT        FT        FT
0 0.262                                                    3.5390E+07           625.390     15.960    84.030    70.450     0.000
                                                    DYNAMIC DERIVATIVES (PER RADIAN)
0           -------PITCHING-------    -----ACCELERATION------    --------------ROLLING--------------    --------YAWING--------
0   ALPHA       CLQ          CMQ           CLAD         CMAD         CLP          CYP          CNP          CNR          CLR
0
    -2.00    2.274E+01   -8.001E+01     1.140E+01   -4.026E+01   -8.503E-01    1.974E-01   -5.691E-02   -6.821E-03      NDM 
    -1.00                               1.163E+01   -4.107E+01   -8.665E-01    2.552E-01   -7.356E-02   -8.595E-03      NDM 
     0.00                               1.206E+01   -4.260E+01   -8.821E-01    3.140E-01   -9.050E-02   -1.087E-02      NDM 
     1.00                               1.254E+01   -4.430E+01   -8.960E-01    3.737E-01   -1.077E-01   -1.365E-02      NDM 
     3.00                               1.345E+01   -4.752E+01   -9.192E-01    4.953E-01   -1.427E-01   -2.082E-02      NDM 
     5.00                               1.224E+01   -4.322E+01   -9.370E-01    6.190E-01   -1.783E-01   -3.018E-02      NDM 
     7.00                               1.066E+01   -3.764E+01   -9.527E-01    7.437E-01   -2.142E-01   -4.171E-02      NDM 
0*** NDM PRINTED WHEN NO DATCOM METHODS EXIST
1                               AUTOMATED STABILITY AND CONTROL METHODS PER APRIL 1976 VERSION OF DATCOM
                                         CHARACTERISTICS AT ANGLE OF ATTACK AND IN SIDESLIP
                                                WING-BODY-VERTICAL TAIL CONFIGURATION
                                                        154A PLANE, CASE 1
 
 -----------------------  FLIGHT CONDITIONS  ------------------------           --------------  REFERENCE DIMENSIONS  ------------
  MACH    ALTITUDE   VELOCITY    PRESSURE    TEMPERATURE     REYNOLDS             REF.      REFERENCE LENGTH   MOMENT REF. CENTER
 NUMBER                                                       NUMBER              AREA       LONG.     LAT.     HORIZ      VERT
             FT       FT/SEC     LB/FT**2       DEG R         1/FT               FT**2        FT        FT        FT        FT
0 0.262                                                    3.5390E+07           625.390     15.960    84.030    70.450     0.000
0                                                               -------------------DERIVATIVE (PER RADIAN)-------------------
0 ALPHA     CD       CL       CM       CN       CA       XCP        CLA          CMA          CYB          CNB          CLB
0
   -2.0    0.038    0.565    0.0165   0.564    0.057    0.029    9.573E+00    2.478E+00   -Inf          4.922E-01   -2.510E-01
   -1.0    0.044    0.734    0.0607   0.733    0.057    0.083    9.744E+00    2.586E+00                             -2.712E-01
    0.0    0.052    0.905    0.1068   0.905    0.052    0.118    9.905E+00    2.748E+00                             -2.920E-01
    1.0    0.062    1.080    0.1566   1.081    0.043    0.145    1.004E+01    3.063E+00                             -3.131E-01
    3.0    0.087    1.434    0.2781   1.437    0.012    0.194    1.028E+01    3.679E+00                             -3.566E-01
    5.0    0.120    1.797    0.4135   1.801   -0.037    0.230    1.057E+01    3.605E+00                             -4.015E-01
    7.0    0.163    2.172    0.5298   2.176   -0.103    0.243    1.092E+01    3.059E+00                             -4.486E-01
1                               AUTOMATED STABILITY AND CONTROL METHODS PER APRIL 1976 VERSION OF DATCOM
                                                         DYNAMIC DERIVATIVES
                                                WING-BODY-VERTICAL TAIL CONFIGURATION
                                                        154A PLANE, CASE 1
 
 -----------------------  FLIGHT CONDITIONS  ------------------------           --------------  REFERENCE DIMENSIONS  ------------
  MACH    ALTITUDE   VELOCITY    PRESSURE    TEMPERATURE     REYNOLDS             REF.      REFERENCE LENGTH   MOMENT REF. CENTER
 NUMBER                                                       NUMBER              AREA       LONG.     LAT.     HORIZ      VERT
             FT       FT/SEC     LB/FT**2       DEG R         1/FT               FT**2        FT        FT        FT        FT
0 0.262                                                    3.5390E+07           625.390     15.960    84.030    70.450     0.000
                                                    DYNAMIC DERIVATIVES (PER RADIAN)
0           -------PITCHING-------    -----ACCELERATION------    --------------ROLLING--------------    --------YAWING--------
0   ALPHA       CLQ          CMQ           CLAD         CMAD         CLP          CYP          CNP          CNR          CLR
0
    -2.00    6.515E-01   -1.995E+00       NDM          NDM       -8.209E-01    1.511E-01   -3.135E-02   -7.363E-01    3.673E-01
    -1.00                                                        -8.340E-01    2.320E-01   -6.072E-02   -7.434E-01    4.159E-01
     0.00                                                        -8.470E-01    3.140E-01   -9.050E-02   -7.506E-01    4.653E-01
     1.00                                                        -8.588E-01    3.970E-01   -1.207E-01   -7.579E-01    5.156E-01
     3.00                                                        -8.795E-01    5.653E-01   -1.819E-01   -7.727E-01    6.180E-01
     5.00                                                        -8.969E-01    7.358E-01   -2.441E-01   -7.880E-01    7.221E-01
     7.00                                                        -9.141E-01    9.076E-01   -3.068E-01   -8.035E-01    8.268E-01
0*** NDM PRINTED WHEN NO DATCOM METHODS EXIST
1                               AUTOMATED STABILITY AND CONTROL METHODS PER APRIL 1976 VERSION OF DATCOM
                                         CHARACTERISTICS AT ANGLE OF ATTACK AND IN SIDESLIP
                                        WING-BODY-VERTICAL TAIL-HORIZONTAL TAIL CONFIGURATION
                                                        154A PLANE, CASE 1
 
 -----------------------  FLIGHT CONDITIONS  ------------------------           --------------  REFERENCE DIMENSIONS  ------------
  MACH    ALTITUDE   VELOCITY    PRESSURE    TEMPERATURE     REYNOLDS             REF.      REFERENCE LENGTH   MOMENT REF. CENTER
 NUMBER                                                       NUMBER              AREA       LONG.     LAT.     HORIZ      VERT
             FT       FT/SEC     LB/FT**2       DEG R         1/FT               FT**2        FT        FT        FT        FT
0 0.262                                                    3.5390E+07           625.390     15.960    84.030    70.450     0.000
0                                                               -------------------DERIVATIVE (PER RADIAN)-------------------
0 ALPHA     CD       CL       CM       CN       CA       XCP        CLA          CMA          CYB          CNB          CLB
0
   -2.0    0.039    0.364    0.7272   0.362    0.052    2.009    1.109E+01   -2.807E+00   -Inf          4.924E-01   -2.376E-01
   -1.0    0.044    0.559    0.6789   0.558    0.054    1.217    1.123E+01   -2.609E+00                             -2.645E-01
    0.0    0.051    0.756    0.6362   0.756    0.051    0.842    1.133E+01   -2.243E+00                             -2.920E-01
    1.0    0.060    0.954    0.6006   0.955    0.044    0.629    1.139E+01   -1.698E+00                             -3.199E-01
    3.0    0.086    1.353    0.5651   1.356    0.015    0.417    1.150E+01   -6.491E-01                             -3.767E-01
    5.0    0.121    1.757    0.5552   1.761   -0.032    0.315    1.197E+01   -1.358E+00                             -4.348E-01
    7.0    0.170    2.189    0.4703   2.193   -0.098    0.214    1.277E+01   -3.508E+00                             -4.947E-01
0                                    ALPHA     Q/QINF    EPSLON  D(EPSLON)/D(ALPHA)
0
                                     -2.0      1.000      1.684        0.516
                                     -1.0      1.000      2.200        0.526
                                      0.0      1.000      2.737        0.546
                                      1.0      1.000      3.292        0.568
                                      3.0      1.000      4.478        0.609
                                      5.0      1.000      5.729        0.554
                                      7.0      1.000      6.694        0.483
1                               AUTOMATED STABILITY AND CONTROL METHODS PER APRIL 1976 VERSION OF DATCOM
                                                         DYNAMIC DERIVATIVES
                                        WING-BODY-VERTICAL TAIL-HORIZONTAL TAIL CONFIGURATION
                                                        154A PLANE, CASE 1
 
 -----------------------  FLIGHT CONDITIONS  ------------------------           --------------  REFERENCE DIMENSIONS  ------------
  MACH    ALTITUDE   VELOCITY    PRESSURE    TEMPERATURE     REYNOLDS             REF.      REFERENCE LENGTH   MOMENT REF. CENTER
 NUMBER                                                       NUMBER              AREA       LONG.     LAT.     HORIZ      VERT
             FT       FT/SEC     LB/FT**2       DEG R         1/FT               FT**2        FT        FT        FT        FT
0 0.262                                                    3.5390E+07           625.390     15.960    84.030    70.450     0.000
                                                    DYNAMIC DERIVATIVES (PER RADIAN)
0           -------PITCHING-------    -----ACCELERATION------    --------------ROLLING--------------    --------YAWING--------
0   ALPHA       CLQ          CMQ           CLAD         CMAD         CLP          CYP          CNP          CNR          CLR
0
    -2.00    2.274E+01   -8.001E+01     1.140E+01   -4.026E+01   -8.559E-01    1.511E-01   -3.135E-02   -7.363E-01    3.673E-01
    -1.00                               1.163E+01   -4.107E+01   -8.690E-01    2.320E-01   -6.072E-02   -7.434E-01    4.159E-01
     0.00                               1.206E+01   -4.260E+01   -8.821E-01    3.140E-01   -9.050E-02   -7.506E-01    4.653E-01
     1.00                               1.254E+01   -4.430E+01   -8.938E-01    3.970E-01   -1.207E-01   -7.579E-01    5.156E-01
     3.00                               1.345E+01   -4.752E+01   -9.141E-01    5.653E-01   -1.819E-01   -7.727E-01    6.180E-01
     5.00                               1.224E+01   -4.322E+01   -9.309E-01    7.358E-01   -2.441E-01   -7.880E-01    7.221E-01
     7.00                               1.066E+01   -3.764E+01   -9.473E-01    9.076E-01   -3.068E-01   -8.035E-01    8.268E-01
1          THE FOLLOWING IS A LIST OF ALL INPUT CARDS FOR THIS CASE.
0
1 END OF JOB.
